[INFO] Scanning for projects...
[INFO] 
[INFO] -------------------------< com.golfclub:demo >--------------------------
[INFO] Building Golf API 0.0.1-SNAPSHOT
[INFO]   from pom.xml
[INFO] --------------------------------[ jar ]---------------------------------
[INFO] 
[INFO] >>> spring-boot:3.5.3:run (default-cli) > test-compile @ demo >>>
[INFO] 
[INFO] --- resources:3.3.1:resources (default-resources) @ demo ---
[INFO] Copying 3 resources from src/main/resources to target/classes
[INFO] Copying 0 resource from src/main/resources to target/classes
[INFO] 
[INFO] --- compiler:3.14.0:compile (default-compile) @ demo ---
[INFO] Nothing to compile - all classes are up to date.
[INFO] 
[INFO] --- resources:3.3.1:testResources (default-testResources) @ demo ---
[INFO] Copying 1 resource from src/test/resources to target/test-classes
[INFO] 
[INFO] --- compiler:3.14.0:testCompile (default-testCompile) @ demo ---
[INFO] Nothing to compile - all classes are up to date.
[INFO] 
[INFO] <<< spring-boot:3.5.3:run (default-cli) < test-compile @ demo <<<
[INFO] 
[INFO] 
[INFO] --- spring-boot:3.5.3:run (default-cli) @ demo ---
[INFO] Attaching agents: []

  .   ____          _            __ _ _
 /\\ / ___'_ __ _ _(_)_ __  __ _ \ \ \ \
( ( )\___ | '_ | '_| | '_ \/ _` | \ \ \ \
 \\/  ___)| |_)| | | | | || (_| |  ) ) ) )
  '  |____| .__|_| |_|_| |_\__, | / / / /
 =========|_|==============|___/=/_/_/_/

 :: Spring Boot ::                (v3.5.3)

2025-07-21T19:25:16.828-02:30  INFO 16052 --- [demo] [           main] com.golfclub.GolfClubApplication         : Starting GolfClubApplication using Java 23.0.1 with PID 16052 (/Users/danielefford/Documents/SD12/04-DevOps/QAP2 - Golf API/target/classes started by danielefford in /Users/danielefford/Documents/SD12/04-DevOps/QAP2 - Golf API)
2025-07-21T19:25:16.830-02:30  INFO 16052 --- [demo] [           main] com.golfclub.GolfClubApplication         : No active profile set, falling back to 1 default profile: "default"
2025-07-21T19:25:17.254-02:30  INFO 16052 --- [demo] [           main] .s.d.r.c.RepositoryConfigurationDelegate : Bootstrapping Spring Data JPA repositories in DEFAULT mode.
2025-07-21T19:25:17.303-02:30  INFO 16052 --- [demo] [           main] .s.d.r.c.RepositoryConfigurationDelegate : Finished Spring Data repository scanning in 42 ms. Found 2 JPA repository interfaces.
2025-07-21T19:25:17.620-02:30  INFO 16052 --- [demo] [           main] o.s.b.w.embedded.tomcat.TomcatWebServer  : Tomcat initialized with port 8080 (http)
2025-07-21T19:25:17.632-02:30  INFO 16052 --- [demo] [           main] o.apache.catalina.core.StandardService   : Starting service [Tomcat]
2025-07-21T19:25:17.633-02:30  INFO 16052 --- [demo] [           main] o.apache.catalina.core.StandardEngine    : Starting Servlet engine: [Apache Tomcat/10.1.42]
2025-07-21T19:25:17.670-02:30  INFO 16052 --- [demo] [           main] o.a.c.c.C.[Tomcat].[localhost].[/]       : Initializing Spring embedded WebApplicationContext
2025-07-21T19:25:17.671-02:30  INFO 16052 --- [demo] [           main] w.s.c.ServletWebServerApplicationContext : Root WebApplicationContext: initialization completed in 804 ms
2025-07-21T19:25:17.835-02:30  INFO 16052 --- [demo] [           main] o.hibernate.jpa.internal.util.LogHelper  : HHH000204: Processing PersistenceUnitInfo [name: default]
2025-07-21T19:25:17.899-02:30  INFO 16052 --- [demo] [           main] org.hibernate.Version                    : HHH000412: Hibernate ORM core version 6.6.18.Final
2025-07-21T19:25:17.945-02:30  INFO 16052 --- [demo] [           main] o.h.c.internal.RegionFactoryInitiator    : HHH000026: Second-level cache disabled
2025-07-21T19:25:18.234-02:30  INFO 16052 --- [demo] [           main] o.s.o.j.p.SpringPersistenceUnitInfo      : No LoadTimeWeaver setup: ignoring JPA class transformer
2025-07-21T19:25:18.256-02:30  INFO 16052 --- [demo] [           main] com.zaxxer.hikari.HikariDataSource       : HikariPool-1 - Starting...
2025-07-21T19:25:18.684-02:30  INFO 16052 --- [demo] [           main] com.zaxxer.hikari.pool.HikariPool        : HikariPool-1 - Added connection com.mysql.cj.jdbc.ConnectionImpl@329b331f
2025-07-21T19:25:18.685-02:30  INFO 16052 --- [demo] [           main] com.zaxxer.hikari.HikariDataSource       : HikariPool-1 - Start completed.
2025-07-21T19:25:18.747-02:30  WARN 16052 --- [demo] [           main] org.hibernate.orm.deprecation            : HHH90000025: MySQL8Dialect does not need to be specified explicitly using 'hibernate.dialect' (remove the property setting and it will be selected by default)
2025-07-21T19:25:18.748-02:30  WARN 16052 --- [demo] [           main] org.hibernate.orm.deprecation            : HHH90000026: MySQL8Dialect has been deprecated; use org.hibernate.dialect.MySQLDialect instead
2025-07-21T19:25:18.761-02:30  INFO 16052 --- [demo] [           main] org.hibernate.orm.connections.pooling    : HHH10001005: Database info:
	Database JDBC URL [Connecting through datasource 'HikariDataSource (HikariPool-1)']
	Database driver: undefined/unknown
	Database version: 8.0
	Autocommit mode: undefined/unknown
	Isolation level: undefined/unknown
	Minimum pool size: undefined/unknown
	Maximum pool size: undefined/unknown
2025-07-21T19:25:19.894-02:30  INFO 16052 --- [demo] [           main] o.h.e.t.j.p.i.JtaPlatformInitiator       : HHH000489: No JTA platform available (set 'hibernate.transaction.jta.platform' to enable JTA platform integration)
2025-07-21T19:25:19.961-02:30  INFO 16052 --- [demo] [           main] j.LocalContainerEntityManagerFactoryBean : Initialized JPA EntityManagerFactory for persistence unit 'default'
2025-07-21T19:25:20.220-02:30  INFO 16052 --- [demo] [           main] o.s.d.j.r.query.QueryEnhancerFactory     : Hibernate is in classpath; If applicable, HQL parser will be used.
2025-07-21T19:25:20.755-02:30  WARN 16052 --- [demo] [           main] JpaBaseConfiguration$JpaWebConfiguration : spring.jpa.open-in-view is enabled by default. Therefore, database queries may be performed during view rendering. Explicitly configure spring.jpa.open-in-view to disable this warning
2025-07-21T19:25:21.050-02:30  INFO 16052 --- [demo] [           main] o.s.b.w.embedded.tomcat.TomcatWebServer  : Tomcat started on port 8080 (http) with context path '/'
2025-07-21T19:25:21.057-02:30  INFO 16052 --- [demo] [           main] com.golfclub.GolfClubApplication         : Started GolfClubApplication in 4.617 seconds (process running for 4.933)
2025-07-21T19:25:39.688-02:30  INFO 16052 --- [demo] [nio-8080-exec-1] o.a.c.c.C.[Tomcat].[localhost].[/]       : Initializing Spring DispatcherServlet 'dispatcherServlet'
2025-07-21T19:25:39.688-02:30  INFO 16052 --- [demo] [nio-8080-exec-1] o.s.web.servlet.DispatcherServlet        : Initializing Servlet 'dispatcherServlet'
2025-07-21T19:25:39.689-02:30  INFO 16052 --- [demo] [nio-8080-exec-1] o.s.web.servlet.DispatcherServlet        : Completed initialization in 1 ms
Hibernate: select mm1_0.id,mm1_0.address,mm1_0.created_at,mm1_0.duration_of_membership,mm1_0.email,mm1_0.is_active,mm1_0.membership_type,mm1_0.name,mm1_0.phone,mm1_0.start_date from members mm1_0
Hibernate: select t1_0.member_id,t1_1.id,t1_1.cash_prize_amount,t1_1.created_at,t1_1.description,t1_1.end_date,t1_1.entry_fee,t1_1.location,t1_1.name,t1_1.start_date,t1_1.updated_at from tournament_members t1_0 join tournaments t1_1 on t1_1.id=t1_0.tournament_id where t1_0.member_id=?
Hibernate: select tm1_0.id,tm1_0.cash_prize_amount,tm1_0.created_at,tm1_0.description,tm1_0.end_date,tm1_0.entry_fee,tm1_0.location,tm1_0.name,tm1_0.start_date,tm1_0.updated_at from tournaments tm1_0
Hibernate: select m1_0.tournament_id,m1_1.id,m1_1.address,m1_1.created_at,m1_1.duration_of_membership,m1_1.email,m1_1.is_active,m1_1.membership_type,m1_1.name,m1_1.phone,m1_1.start_date from tournament_members m1_0 join members m1_1 on m1_1.id=m1_0.member_id where m1_0.tournament_id=?
Hibernate: insert into members (address,created_at,duration_of_membership,email,is_active,membership_type,name,phone,start_date) values (?,?,?,?,?,?,?,?,?)
Hibernate: select mm1_0.id,mm1_0.address,mm1_0.created_at,mm1_0.duration_of_membership,mm1_0.email,mm1_0.is_active,mm1_0.membership_type,mm1_0.name,mm1_0.phone,mm1_0.start_date from members mm1_0 where mm1_0.id=?
Hibernate: select t1_0.member_id,t1_1.id,t1_1.cash_prize_amount,t1_1.created_at,t1_1.description,t1_1.end_date,t1_1.entry_fee,t1_1.location,t1_1.name,t1_1.start_date,t1_1.updated_at from tournament_members t1_0 join tournaments t1_1 on t1_1.id=t1_0.tournament_id where t1_0.member_id=?
Hibernate: select mm1_0.id,mm1_0.address,mm1_0.created_at,mm1_0.duration_of_membership,mm1_0.email,mm1_0.is_active,mm1_0.membership_type,mm1_0.name,mm1_0.phone,mm1_0.start_date from members mm1_0 where mm1_0.id=?
Hibernate: update members set address=?,created_at=?,duration_of_membership=?,email=?,is_active=?,membership_type=?,name=?,phone=?,start_date=? where id=?
Hibernate: select t1_0.member_id,t1_1.id,t1_1.cash_prize_amount,t1_1.created_at,t1_1.description,t1_1.end_date,t1_1.entry_fee,t1_1.location,t1_1.name,t1_1.start_date,t1_1.updated_at from tournament_members t1_0 join tournaments t1_1 on t1_1.id=t1_0.tournament_id where t1_0.member_id=?
Hibernate: insert into tournaments (cash_prize_amount,created_at,description,end_date,entry_fee,location,name,start_date,updated_at) values (?,?,?,?,?,?,?,?,?)
Hibernate: select tm1_0.id,tm1_0.cash_prize_amount,tm1_0.created_at,tm1_0.description,tm1_0.end_date,tm1_0.entry_fee,tm1_0.location,tm1_0.name,tm1_0.start_date,tm1_0.updated_at from tournaments tm1_0 where tm1_0.id=?
Hibernate: select mm1_0.id,mm1_0.address,mm1_0.created_at,mm1_0.duration_of_membership,mm1_0.email,mm1_0.is_active,mm1_0.membership_type,mm1_0.name,mm1_0.phone,mm1_0.start_date from members mm1_0 where mm1_0.id=?
Hibernate: select m1_0.tournament_id,m1_1.id,m1_1.address,m1_1.created_at,m1_1.duration_of_membership,m1_1.email,m1_1.is_active,m1_1.membership_type,m1_1.name,m1_1.phone,m1_1.start_date from tournament_members m1_0 join members m1_1 on m1_1.id=m1_0.member_id where m1_0.tournament_id=?
Hibernate: select t1_0.member_id,t1_1.id,t1_1.cash_prize_amount,t1_1.created_at,t1_1.description,t1_1.end_date,t1_1.entry_fee,t1_1.location,t1_1.name,t1_1.start_date,t1_1.updated_at from tournament_members t1_0 join tournaments t1_1 on t1_1.id=t1_0.tournament_id where t1_0.member_id=?
Hibernate: insert into tournament_members (tournament_id,member_id) values (?,?)
Hibernate: select tm1_0.id,tm1_0.cash_prize_amount,tm1_0.created_at,tm1_0.description,tm1_0.end_date,tm1_0.entry_fee,tm1_0.location,tm1_0.name,tm1_0.start_date,tm1_0.updated_at from tournaments tm1_0 where tm1_0.id=?
Hibernate: select m1_0.tournament_id,m1_1.id,m1_1.address,m1_1.created_at,m1_1.duration_of_membership,m1_1.email,m1_1.is_active,m1_1.membership_type,m1_1.name,m1_1.phone,m1_1.start_date from tournament_members m1_0 join members m1_1 on m1_1.id=m1_0.member_id where m1_0.tournament_id=?
Hibernate: select t1_0.member_id,t1_1.id,t1_1.cash_prize_amount,t1_1.created_at,t1_1.description,t1_1.end_date,t1_1.entry_fee,t1_1.location,t1_1.name,t1_1.start_date,t1_1.updated_at from tournament_members t1_0 join tournaments t1_1 on t1_1.id=t1_0.tournament_id where t1_0.member_id=?
Hibernate: select mm1_0.id,mm1_0.address,mm1_0.created_at,mm1_0.duration_of_membership,mm1_0.email,mm1_0.is_active,mm1_0.membership_type,mm1_0.name,mm1_0.phone,mm1_0.start_date from members mm1_0 where upper(mm1_0.name) like upper(?) escape '\\'
Hibernate: select t1_0.member_id,t1_1.id,t1_1.cash_prize_amount,t1_1.created_at,t1_1.description,t1_1.end_date,t1_1.entry_fee,t1_1.location,t1_1.name,t1_1.start_date,t1_1.updated_at from tournament_members t1_0 join tournaments t1_1 on t1_1.id=t1_0.tournament_id where t1_0.member_id=?
Hibernate: select mm1_0.id,mm1_0.address,mm1_0.created_at,mm1_0.duration_of_membership,mm1_0.email,mm1_0.is_active,mm1_0.membership_type,mm1_0.name,mm1_0.phone,mm1_0.start_date from members mm1_0 where mm1_0.membership_type=?
Hibernate: select t1_0.member_id,t1_1.id,t1_1.cash_prize_amount,t1_1.created_at,t1_1.description,t1_1.end_date,t1_1.entry_fee,t1_1.location,t1_1.name,t1_1.start_date,t1_1.updated_at from tournament_members t1_0 join tournaments t1_1 on t1_1.id=t1_0.tournament_id where t1_0.member_id=?
Hibernate: select t1_0.member_id,t1_1.id,t1_1.cash_prize_amount,t1_1.created_at,t1_1.description,t1_1.end_date,t1_1.entry_fee,t1_1.location,t1_1.name,t1_1.start_date,t1_1.updated_at from tournament_members t1_0 join tournaments t1_1 on t1_1.id=t1_0.tournament_id where t1_0.member_id=?
Hibernate: select tm1_0.id,tm1_0.cash_prize_amount,tm1_0.created_at,tm1_0.description,tm1_0.end_date,tm1_0.entry_fee,tm1_0.location,tm1_0.name,tm1_0.start_date,tm1_0.updated_at from tournaments tm1_0 where upper(tm1_0.location) like upper(?) escape '\\'
Hibernate: select m1_0.tournament_id,m1_1.id,m1_1.address,m1_1.created_at,m1_1.duration_of_membership,m1_1.email,m1_1.is_active,m1_1.membership_type,m1_1.name,m1_1.phone,m1_1.start_date from tournament_members m1_0 join members m1_1 on m1_1.id=m1_0.member_id where m1_0.tournament_id=?
2025-07-21T19:27:40.025-02:30  INFO 16052 --- [demo] [ionShutdownHook] o.s.b.w.e.tomcat.GracefulShutdown        : Commencing graceful shutdown. Waiting for active requests to complete
2025-07-21T19:27:40.035-02:30  INFO 16052 --- [demo] [tomcat-shutdown] o.s.b.w.e.tomcat.GracefulShutdown        : Graceful shutdown complete
2025-07-21T19:27:40.042-02:30  INFO 16052 --- [demo] [ionShutdownHook] j.LocalContainerEntityManagerFactoryBean : Closing JPA EntityManagerFactory for persistence unit 'default'
2025-07-21T19:27:40.049-02:30  INFO 16052 --- [demo] [ionShutdownHook] com.zaxxer.hikari.HikariDataSource       : HikariPool-1 - Shutdown initiated...
2025-07-21T19:27:40.087-02:30  INFO 16052 --- [demo] [ionShutdownHook] com.zaxxer.hikari.HikariDataSource       : HikariPool-1 - Shutdown completed.
