[INFO] Scanning for projects...
[INFO] 
[INFO] -------------------------< com.golfclub:demo >--------------------------
[INFO] Building Golf API 0.0.1-SNAPSHOT
[INFO]   from pom.xml
[INFO] --------------------------------[ jar ]---------------------------------
[INFO] 
[INFO] >>> spring-boot:3.5.3:run (default-cli) > test-compile @ demo >>>
[INFO] 
[INFO] --- resources:3.3.1:resources (default-resources) @ demo ---
[INFO] Copying 3 resources from src/main/resources to target/classes
[INFO] Copying 0 resource from src/main/resources to target/classes
[INFO] 
[INFO] --- compiler:3.14.0:compile (default-compile) @ demo ---
[INFO] Nothing to compile - all classes are up to date.
[INFO] 
[INFO] --- resources:3.3.1:testResources (default-testResources) @ demo ---
[INFO] Copying 1 resource from src/test/resources to target/test-classes
[INFO] 
[INFO] --- compiler:3.14.0:testCompile (default-testCompile) @ demo ---
[INFO] Nothing to compile - all classes are up to date.
[INFO] 
[INFO] <<< spring-boot:3.5.3:run (default-cli) < test-compile @ demo <<<
[INFO] 
[INFO] 
[INFO] --- spring-boot:3.5.3:run (default-cli) @ demo ---
[INFO] Attaching agents: []

  .   ____          _            __ _ _
 /\\ / ___'_ __ _ _(_)_ __  __ _ \ \ \ \
( ( )\___ | '_ | '_| | '_ \/ _` | \ \ \ \
 \\/  ___)| |_)| | | | | || (_| |  ) ) ) )
  '  |____| .__|_| |_|_| |_\__, | / / / /
 =========|_|==============|___/=/_/_/_/

 :: Spring Boot ::                (v3.5.3)

2025-07-21T19:27:49.754-02:30  INFO 17304 --- [demo] [           main] com.golfclub.GolfClubApplication         : Starting GolfClubApplication using Java 23.0.1 with PID 17304 (/Users/danielefford/Documents/SD12/04-DevOps/QAP2 - Golf API/target/classes started by danielefford in /Users/danielefford/Documents/SD12/04-DevOps/QAP2 - Golf API)
2025-07-21T19:27:49.757-02:30  INFO 17304 --- [demo] [           main] com.golfclub.GolfClubApplication         : No active profile set, falling back to 1 default profile: "default"
2025-07-21T19:27:50.186-02:30  INFO 17304 --- [demo] [           main] .s.d.r.c.RepositoryConfigurationDelegate : Bootstrapping Spring Data JPA repositories in DEFAULT mode.
2025-07-21T19:27:50.223-02:30  INFO 17304 --- [demo] [           main] .s.d.r.c.RepositoryConfigurationDelegate : Finished Spring Data repository scanning in 31 ms. Found 2 JPA repository interfaces.
2025-07-21T19:27:50.571-02:30  INFO 17304 --- [demo] [           main] o.s.b.w.embedded.tomcat.TomcatWebServer  : Tomcat initialized with port 8080 (http)
2025-07-21T19:27:50.583-02:30  INFO 17304 --- [demo] [           main] o.apache.catalina.core.StandardService   : Starting service [Tomcat]
2025-07-21T19:27:50.584-02:30  INFO 17304 --- [demo] [           main] o.apache.catalina.core.StandardEngine    : Starting Servlet engine: [Apache Tomcat/10.1.42]
2025-07-21T19:27:50.618-02:30  INFO 17304 --- [demo] [           main] o.a.c.c.C.[Tomcat].[localhost].[/]       : Initializing Spring embedded WebApplicationContext
2025-07-21T19:27:50.618-02:30  INFO 17304 --- [demo] [           main] w.s.c.ServletWebServerApplicationContext : Root WebApplicationContext: initialization completed in 826 ms
2025-07-21T19:27:50.748-02:30  INFO 17304 --- [demo] [           main] o.hibernate.jpa.internal.util.LogHelper  : HHH000204: Processing PersistenceUnitInfo [name: default]
2025-07-21T19:27:50.795-02:30  INFO 17304 --- [demo] [           main] org.hibernate.Version                    : HHH000412: Hibernate ORM core version 6.6.18.Final
2025-07-21T19:27:50.824-02:30  INFO 17304 --- [demo] [           main] o.h.c.internal.RegionFactoryInitiator    : HHH000026: Second-level cache disabled
2025-07-21T19:27:51.071-02:30  INFO 17304 --- [demo] [           main] o.s.o.j.p.SpringPersistenceUnitInfo      : No LoadTimeWeaver setup: ignoring JPA class transformer
2025-07-21T19:27:51.091-02:30  INFO 17304 --- [demo] [           main] com.zaxxer.hikari.HikariDataSource       : HikariPool-1 - Starting...
2025-07-21T19:27:51.492-02:30  INFO 17304 --- [demo] [           main] com.zaxxer.hikari.pool.HikariPool        : HikariPool-1 - Added connection com.mysql.cj.jdbc.ConnectionImpl@2a120c88
2025-07-21T19:27:51.493-02:30  INFO 17304 --- [demo] [           main] com.zaxxer.hikari.HikariDataSource       : HikariPool-1 - Start completed.
2025-07-21T19:27:51.537-02:30  WARN 17304 --- [demo] [           main] org.hibernate.orm.deprecation            : HHH90000025: MySQL8Dialect does not need to be specified explicitly using 'hibernate.dialect' (remove the property setting and it will be selected by default)
2025-07-21T19:27:51.537-02:30  WARN 17304 --- [demo] [           main] org.hibernate.orm.deprecation            : HHH90000026: MySQL8Dialect has been deprecated; use org.hibernate.dialect.MySQLDialect instead
2025-07-21T19:27:51.550-02:30  INFO 17304 --- [demo] [           main] org.hibernate.orm.connections.pooling    : HHH10001005: Database info:
	Database JDBC URL [Connecting through datasource 'HikariDataSource (HikariPool-1)']
	Database driver: undefined/unknown
	Database version: 8.0
	Autocommit mode: undefined/unknown
	Isolation level: undefined/unknown
	Minimum pool size: undefined/unknown
	Maximum pool size: undefined/unknown
2025-07-21T19:27:52.218-02:30  INFO 17304 --- [demo] [           main] o.h.e.t.j.p.i.JtaPlatformInitiator       : HHH000489: No JTA platform available (set 'hibernate.transaction.jta.platform' to enable JTA platform integration)
2025-07-21T19:27:52.301-02:30  INFO 17304 --- [demo] [           main] j.LocalContainerEntityManagerFactoryBean : Initialized JPA EntityManagerFactory for persistence unit 'default'
2025-07-21T19:27:52.548-02:30  INFO 17304 --- [demo] [           main] o.s.d.j.r.query.QueryEnhancerFactory     : Hibernate is in classpath; If applicable, HQL parser will be used.
2025-07-21T19:27:53.069-02:30  WARN 17304 --- [demo] [           main] JpaBaseConfiguration$JpaWebConfiguration : spring.jpa.open-in-view is enabled by default. Therefore, database queries may be performed during view rendering. Explicitly configure spring.jpa.open-in-view to disable this warning
2025-07-21T19:27:53.354-02:30  INFO 17304 --- [demo] [           main] o.s.b.w.embedded.tomcat.TomcatWebServer  : Tomcat started on port 8080 (http) with context path '/'
2025-07-21T19:27:53.361-02:30  INFO 17304 --- [demo] [           main] com.golfclub.GolfClubApplication         : Started GolfClubApplication in 4.024 seconds (process running for 4.344)
2025-07-21T19:27:57.724-02:30  INFO 17304 --- [demo] [nio-8080-exec-1] o.a.c.c.C.[Tomcat].[localhost].[/]       : Initializing Spring DispatcherServlet 'dispatcherServlet'
2025-07-21T19:27:57.725-02:30  INFO 17304 --- [demo] [nio-8080-exec-1] o.s.web.servlet.DispatcherServlet        : Initializing Servlet 'dispatcherServlet'
2025-07-21T19:27:57.727-02:30  INFO 17304 --- [demo] [nio-8080-exec-1] o.s.web.servlet.DispatcherServlet        : Completed initialization in 2 ms
Hibernate: select mm1_0.id,mm1_0.address,mm1_0.created_at,mm1_0.duration_of_membership,mm1_0.email,mm1_0.is_active,mm1_0.membership_type,mm1_0.name,mm1_0.phone,mm1_0.start_date from members mm1_0
Hibernate: select t1_0.member_id,t1_1.id,t1_1.cash_prize_amount,t1_1.created_at,t1_1.description,t1_1.end_date,t1_1.entry_fee,t1_1.location,t1_1.name,t1_1.start_date,t1_1.updated_at from tournament_members t1_0 join tournaments t1_1 on t1_1.id=t1_0.tournament_id where t1_0.member_id=?
Hibernate: select t1_0.member_id,t1_1.id,t1_1.cash_prize_amount,t1_1.created_at,t1_1.description,t1_1.end_date,t1_1.entry_fee,t1_1.location,t1_1.name,t1_1.start_date,t1_1.updated_at from tournament_members t1_0 join tournaments t1_1 on t1_1.id=t1_0.tournament_id where t1_0.member_id=?
2025-07-21T19:30:49.148-02:30  INFO 17304 --- [demo] [ionShutdownHook] o.s.b.w.e.tomcat.GracefulShutdown        : Commencing graceful shutdown. Waiting for active requests to complete
2025-07-21T19:30:49.158-02:30  INFO 17304 --- [demo] [tomcat-shutdown] o.s.b.w.e.tomcat.GracefulShutdown        : Graceful shutdown complete
2025-07-21T19:30:49.164-02:30  INFO 17304 --- [demo] [ionShutdownHook] j.LocalContainerEntityManagerFactoryBean : Closing JPA EntityManagerFactory for persistence unit 'default'
2025-07-21T19:30:49.168-02:30  INFO 17304 --- [demo] [ionShutdownHook] com.zaxxer.hikari.HikariDataSource       : HikariPool-1 - Shutdown initiated...
2025-07-21T19:30:49.189-02:30  INFO 17304 --- [demo] [ionShutdownHook] com.zaxxer.hikari.HikariDataSource       : HikariPool-1 - Shutdown completed.
